e:\mf\vt\16vt-tech\demo\3x64-m\mfvt\x64\win7debug\vc141.pdb
e:\mf\vt\16vt-tech\demo\3x64-m\mfvt\x64\win7debug\vmx.obj
e:\mf\vt\16vt-tech\demo\3x64-m\mfvt\x64\win7debug\mfvt.obj
e:\mf\vt\16vt-tech\demo\3x64-m\mfvt\x64\win7debug\hvm.obj
e:\mf\vt\16vt-tech\demo\3x64-m\mfvt\x64\win7debug\common.obj
e:\mf\vt\16vt-tech\demo\3x64-m\mfvt\x64\win7debug\common-asm.obj
e:\mf\vt\16vt-tech\demo\3x64-m\mfvt\x64\win7debug\regs.obj
e:\mf\vt\16vt-tech\demo\3x64-m\mfvt\x64\win7debug\vmx-asm.obj
e:\mf\vt\16vt-tech\demo\3x64-m\mfvt\x64\win7debug\mfvt.sys
e:\mf\vt\16vt-tech\demo\3x64-m\mfvt\x64\win7debug\mfvt.pdb
e:\mf\vt\16vt-tech\demo\3x64-m\mfvt\x64\win7debug\mfvt.inf
e:\mf\vt\16vt-tech\demo\3x64-m\mfvt\x64\win7debug\mfvt.tlog\cl.command.1.tlog
e:\mf\vt\16vt-tech\demo\3x64-m\mfvt\x64\win7debug\mfvt.tlog\cl.read.1.tlog
e:\mf\vt\16vt-tech\demo\3x64-m\mfvt\x64\win7debug\mfvt.tlog\cl.write.1.tlog
e:\mf\vt\16vt-tech\demo\3x64-m\mfvt\x64\win7debug\mfvt.tlog\custombuild.command.1.tlog
e:\mf\vt\16vt-tech\demo\3x64-m\mfvt\x64\win7debug\mfvt.tlog\custombuild.read.1.tlog
e:\mf\vt\16vt-tech\demo\3x64-m\mfvt\x64\win7debug\mfvt.tlog\custombuild.write.1.tlog
e:\mf\vt\16vt-tech\demo\3x64-m\mfvt\x64\win7debug\mfvt.tlog\inf2cat-expand.5504.read.1.tlog
e:\mf\vt\16vt-tech\demo\3x64-m\mfvt\x64\win7debug\mfvt.tlog\inf2cat-expand.5504.write.1.tlog
e:\mf\vt\16vt-tech\demo\3x64-m\mfvt\x64\win7debug\mfvt.tlog\inf2cat-expand.read.1.tlog
e:\mf\vt\16vt-tech\demo\3x64-m\mfvt\x64\win7debug\mfvt.tlog\inf2cat-expand.write.1.tlog
e:\mf\vt\16vt-tech\demo\3x64-m\mfvt\x64\win7debug\mfvt.tlog\inf2cat.command.1.tlog
e:\mf\vt\16vt-tech\demo\3x64-m\mfvt\x64\win7debug\mfvt.tlog\inf2cat.read.1.tlog
e:\mf\vt\16vt-tech\demo\3x64-m\mfvt\x64\win7debug\mfvt.tlog\inf2cat.write.1.tlog
e:\mf\vt\16vt-tech\demo\3x64-m\mfvt\x64\win7debug\mfvt.tlog\inf2cat.write.8.tlog
e:\mf\vt\16vt-tech\demo\3x64-m\mfvt\x64\win7debug\mfvt.tlog\link.command.1.tlog
e:\mf\vt\16vt-tech\demo\3x64-m\mfvt\x64\win7debug\mfvt.tlog\link.read.1.tlog
e:\mf\vt\16vt-tech\demo\3x64-m\mfvt\x64\win7debug\mfvt.tlog\link.write.1.tlog
e:\mf\vt\16vt-tech\demo\3x64-m\mfvt\x64\win7debug\mfvt.tlog\stampinf.command.1.tlog
e:\mf\vt\16vt-tech\demo\3x64-m\mfvt\x64\win7debug\mfvt.tlog\stampinf.read.1.tlog
e:\mf\vt\16vt-tech\demo\3x64-m\mfvt\x64\win7debug\mfvt.tlog\stampinf.write.1.tlog
